Sat, 30 Oct 2021 16:05:44 GMT - Info - Server listening on port 3030!
Sat, 30 Oct 2021 16:09:51 GMT - Info - Server listening on port 3030!
Sat, 30 Oct 2021 16:09:53 GMT - Info - Server listening on port 3030!
Sat, 30 Oct 2021 16:11:11 GMT - Info - Server listening on port 3030!
Sat, 30 Oct 2021 16:11:14 GMT - Info - Server listening on port 3030!
Sat, 30 Oct 2021 16:11:21 GMT - Info - Server listening on port 3030!
Sat, 30 Oct 2021 16:11:32 GMT - Info - Server listening on port 3030!
Sat, 30 Oct 2021 16:13:52 GMT - Info - Server listening on port 3030!
Sat, 30 Oct 2021 16:43:14 GMT - Info - Server listening on port 3030!
Sat, 30 Oct 2021 16:43:27 GMT - Info - Server listening on port 3030!
Sat, 30 Oct 2021 16:43:46 GMT - Info - Server listening on port 3030!
Sat, 30 Oct 2021 16:50:07 GMT - Info - Server listening on port 3030!
Sat, 30 Oct 2021 16:50:23 GMT - Info - Server listening on port 3030!
Sat, 30 Oct 2021 17:04:29 GMT - Info - Server listening on port 3030!
Sat, 30 Oct 2021 17:04:31 GMT - Info - Server listening on port 3030!
Sat, 30 Oct 2021 17:06:23 GMT - Info - Server listening on port 3030!
Sat, 30 Oct 2021 17:06:25 GMT - Info - Server listening on port 3030!
Sat, 30 Oct 2021 17:07:01 GMT - Info - Server listening on port 3030!
Sat, 30 Oct 2021 17:07:02 GMT - Info - Server listening on port 3030!
Sat, 30 Oct 2021 17:20:57 GMT - Info - Server listening on port 3030!
Sat, 30 Oct 2021 17:20:59 GMT - Info - Server listening on port 3030!
Sat, 30 Oct 2021 17:21:27 GMT - Info - Server listening on port 3030!
Sat, 30 Oct 2021 17:21:29 GMT - Info - Server listening on port 3030!
Sat, 30 Oct 2021 17:22:30 GMT - Info - Server listening on port 3030!
Sat, 30 Oct 2021 17:22:31 GMT - Info - Server listening on port 3030!
Sat, 30 Oct 2021 17:24:00 GMT - Info - Server listening on port 3030!
Sat, 30 Oct 2021 17:24:02 GMT - Info - Server listening on port 3030!
Sat, 30 Oct 2021 17:24:07 GMT - Info - Server listening on port 3030!
Sat, 30 Oct 2021 17:24:09 GMT - Info - Server listening on port 3030!
Sat, 30 Oct 2021 17:25:17 GMT - Info - Server listening on port 3030!
Sat, 30 Oct 2021 17:25:19 GMT - Info - Server listening on port 3030!
Sat, 30 Oct 2021 17:25:21 GMT - Info - Server listening on port 3030!
Sat, 30 Oct 2021 17:25:23 GMT - Info - Server listening on port 3030!
Sat, 30 Oct 2021 17:25:46 GMT - Info - Server listening on port 3030!
Sat, 30 Oct 2021 17:26:04 GMT - Info - Server listening on port 3030!
Sat, 30 Oct 2021 17:27:09 GMT - Info - Server listening on port 3030!
Sat, 30 Oct 2021 17:27:30 GMT - Info - Server listening on port 3030!
Sat, 30 Oct 2021 17:28:13 GMT - Info - Server listening on port 3030!
Sat, 30 Oct 2021 17:28:17 GMT - Info - Server listening on port 3030!
Sat, 30 Oct 2021 17:28:41 GMT - Info - Server listening on port 3030!
Sat, 30 Oct 2021 18:16:11 GMT - Info - Server listening on port 3030!
Sat, 30 Oct 2021 18:16:32 GMT - Info - Server listening on port 3030!
Sat, 30 Oct 2021 18:18:14 GMT - Info - Server listening on port 3030!
Sat, 30 Oct 2021 18:18:37 GMT - Info - Server listening on port 3030!
Sat, 30 Oct 2021 18:19:52 GMT - Info - Server listening on port 3030!
Sat, 30 Oct 2021 18:24:21 GMT - Info - Server listening on port 3030!
Sat, 30 Oct 2021 18:24:23 GMT - Info - Server listening on port 3030!
Sat, 30 Oct 2021 18:25:52 GMT - Info - Server listening on port 3030!
Sat, 30 Oct 2021 18:26:03 GMT - Info - Server listening on port 3030!
Sat, 30 Oct 2021 18:26:30 GMT - Info - Server listening on port 3030!
Sat, 30 Oct 2021 18:26:49 GMT - Info - Server listening on port 3030!
Sat, 30 Oct 2021 18:43:17 GMT - Info - Server listening on port 3030!
Sat, 30 Oct 2021 18:43:28 GMT - Info - Server listening on port 3030!
Sat, 30 Oct 2021 18:44:39 GMT - Info - Server listening on port 3030!
Sat, 30 Oct 2021 18:45:37 GMT - Info - Server listening on port 3030!
Sat, 30 Oct 2021 18:49:12 GMT - Info - Server listening on port 3030!
Sat, 30 Oct 2021 18:49:39 GMT - Info - Server listening on port 3030!
Sat, 30 Oct 2021 18:49:44 GMT - Info - Server listening on port 3030!
Sat, 30 Oct 2021 18:50:20 GMT - Info - Server listening on port 3030!
Sat, 30 Oct 2021 18:51:15 GMT - Info - Server listening on port 3030!
Sat, 30 Oct 2021 18:51:27 GMT - Info - Server listening on port 3030!
Sat, 30 Oct 2021 18:54:56 GMT - Info - Server listening on port 3030!
Sat, 30 Oct 2021 18:57:31 GMT - Info - Server listening on port 3030!
Sat, 30 Oct 2021 19:06:31 GMT - Info - Server listening on port 3030!
Sat, 30 Oct 2021 19:09:10 GMT - Info - Server listening on port 3030!
Sat, 30 Oct 2021 19:12:59 GMT - Info - Server listening on port 3030!
Sat, 30 Oct 2021 19:15:34 GMT - Info - Server listening on port 3030!
Sat, 30 Oct 2021 20:31:37 GMT - Info - Server listening on port 3030!
Sat, 30 Oct 2021 20:32:04 GMT - Info - Server listening on port 3030!
Sat, 30 Oct 2021 20:32:21 GMT - Info - Server listening on port 3030!
Sat, 30 Oct 2021 20:35:23 GMT - Info - Server listening on port 3030!
Sat, 30 Oct 2021 20:37:47 GMT - Info - Server listening on port 3030!
Sat, 30 Oct 2021 20:40:16 GMT - Info - Server listening on port 3030!
Sat, 30 Oct 2021 22:42:22 GMT - Info - Server listening on port 3030!
Sat, 30 Oct 2021 22:45:02 GMT - Info - Server listening on port 3030!
Sat, 30 Oct 2021 22:46:01 GMT - Info - Server listening on port 3030!
Sat, 30 Oct 2021 22:46:24 GMT - Info - Server listening on port 3030!
Sat, 30 Oct 2021 22:46:57 GMT - Info - Server listening on port 3030!
Sat, 30 Oct 2021 22:49:29 GMT - Info - Server listening on port 3030!
Sat, 30 Oct 2021 22:49:41 GMT - Info - Server listening on port 3030!
Sat, 30 Oct 2021 22:50:01 GMT - Info - Server listening on port 3030!
Sat, 30 Oct 2021 22:51:58 GMT - Info - Server listening on port 3030!
Sat, 30 Oct 2021 22:52:25 GMT - Info - Server listening on port 3030!
Sat, 30 Oct 2021 22:53:34 GMT - Info - Server listening on port 3030!
Sat, 30 Oct 2021 22:55:05 GMT - Info - Server listening on port 3030!
Sat, 30 Oct 2021 22:56:50 GMT - Info - Server listening on port 3030!
Sat, 30 Oct 2021 22:57:29 GMT - Info - Server listening on port 3030!
Sat, 30 Oct 2021 22:58:11 GMT - Info - Server listening on port 3030!
Sat, 30 Oct 2021 22:58:39 GMT - Info - Server listening on port 3030!
Sat, 30 Oct 2021 22:59:17 GMT - Info - Server listening on port 3030!
Sat, 30 Oct 2021 23:00:24 GMT - Info - Server listening on port 3030!
Sat, 30 Oct 2021 23:00:54 GMT - Info - Server listening on port 3030!
Sat, 30 Oct 2021 23:01:10 GMT - Info - Server listening on port 3030!
Sat, 30 Oct 2021 23:04:43 GMT - Info - Server listening on port 3030!
Sat, 30 Oct 2021 23:06:38 GMT - Info - Server listening on port 3030!
Sat, 30 Oct 2021 23:07:31 GMT - Info - Server listening on port 3030!
Sat, 30 Oct 2021 23:08:25 GMT - Info - Server listening on port 3030!
Sat, 30 Oct 2021 23:08:33 GMT - Info - Server listening on port 3030!
Sat, 30 Oct 2021 23:08:40 GMT - Error - unknown type recieved
Sat, 30 Oct 2021 23:08:50 GMT - Error - unknown type recieved
Sat, 30 Oct 2021 23:09:24 GMT - Info - Server listening on port 3030!
Sat, 30 Oct 2021 23:09:30 GMT - Info - unknown type recieved
Sat, 30 Oct 2021 23:09:52 GMT - Info - Server listening on port 3030!
Sat, 30 Oct 2021 23:15:45 GMT - Info - Server listening on port 3030!
Sat, 30 Oct 2021 23:16:44 GMT - Info - Server listening on port 3030!
Sat, 30 Oct 2021 23:17:43 GMT - Info - Server listening on port 3030!
Sat, 30 Oct 2021 23:26:59 GMT - Info - Server listening on port 3030!
Sat, 30 Oct 2021 23:37:36 GMT - Info - Server listening on port 3030!
Sat, 30 Oct 2021 23:37:38 GMT - Info - Server listening on port 3030!
Sat, 30 Oct 2021 23:41:05 GMT - Info - Server listening on port 3030!
Sat, 30 Oct 2021 23:43:44 GMT - Info - Server listening on port 3030!
Sat, 30 Oct 2021 23:48:15 GMT - Info - Server listening on port 3030!
Sat, 30 Oct 2021 23:50:43 GMT - Info - Server listening on port 3030!
Sat, 30 Oct 2021 23:53:25 GMT - Info - Server listening on port 3030!
Sat, 30 Oct 2021 23:54:22 GMT - Info - Server listening on port 3030!
Sat, 30 Oct 2021 23:55:11 GMT - Info - Server listening on port 3030!
Sat, 30 Oct 2021 23:55:56 GMT - Info - Server listening on port 3030!
Sat, 30 Oct 2021 23:56:47 GMT - Info - Server listening on port 3030!
Sat, 30 Oct 2021 23:56:52 GMT - Error - cannot add Task
Sat, 30 Oct 2021 23:57:09 GMT - Info - Server listening on port 3030!
Sun, 31 Oct 2021 00:00:41 GMT - Info - Server listening on port 3030!
Sun, 31 Oct 2021 00:00:52 GMT - Error - Cannot Connect to DB
Sun, 31 Oct 2021 00:00:52 GMT - Error - Failed to get Mongo collection
Sun, 31 Oct 2021 00:00:52 GMT - Error - cannot add Task
Sun, 31 Oct 2021 00:01:54 GMT - Info - Server listening on port 3030!
Sun, 31 Oct 2021 00:02:34 GMT - Error - cannot add Task
Sun Oct 31 2021 02:08:13 GMT+0200 (Israel Standard Time) - Info - Server listening on port 3030!
Sun Oct 31 2021 02:10:11 GMT+0200 (Israel Standard Time) - Info - Server listening on port 3030!
Sun Oct 31 2021 02:44:33 GMT+0200 (Israel Standard Time) - Info - Server listening on port 3030!
Sun Oct 31 2021 02:51:23 GMT+0200 (Israel Standard Time) - Info - Server listening on port 3030!
Sun Oct 31 2021 03:04:17 GMT+0200 (Israel Standard Time) - Info - Server listening on port 3030!
Sun Oct 31 2021 03:04:33 GMT+0200 (Israel Standard Time) - Error - cannot add Task
Sun Oct 31 2021 03:06:08 GMT+0200 (Israel Standard Time) - Info - Server listening on port 3030!
Sun Oct 31 2021 03:11:08 GMT+0200 (Israel Standard Time) - Info - Server listening on port 3030!
Sun Oct 31 2021 03:14:06 GMT+0200 (Israel Standard Time) - Info - Server listening on port 3030!
Sun Oct 31 2021 03:18:31 GMT+0200 (Israel Standard Time) - Info - Server listening on port 3030!
Sun Oct 31 2021 03:18:50 GMT+0200 (Israel Standard Time) - Info - Server listening on port 3030!
Sun Oct 31 2021 03:19:02 GMT+0200 (Israel Standard Time) - Error - cannot add Task
Sun Oct 31 2021 03:28:07 GMT+0200 (Israel Standard Time) - Info - Server listening on port 3030!
Sun Oct 31 2021 03:28:49 GMT+0200 (Israel Standard Time) - Info - Server listening on port 3030!
Sun Oct 31 2021 03:29:14 GMT+0200 (Israel Standard Time) - Info - Server listening on port 3030!
Sun Oct 31 2021 03:29:40 GMT+0200 (Israel Standard Time) - Info - Server listening on port 3030!
Sun Oct 31 2021 03:30:10 GMT+0200 (Israel Standard Time) - Info - Server listening on port 3030!
Sun Oct 31 2021 03:30:16 GMT+0200 (Israel Standard Time) - Info - Server listening on port 3030!
Sun Oct 31 2021 03:30:25 GMT+0200 (Israel Standard Time) - Info - Server listening on port 3030!
Sun Oct 31 2021 03:31:06 GMT+0200 (Israel Standard Time) - Info - Server listening on port 3030!
Sun Oct 31 2021 03:34:09 GMT+0200 (Israel Standard Time) - Info - Server listening on port 3030!
Sun Oct 31 2021 03:34:30 GMT+0200 (Israel Standard Time) - Info - Server listening on port 3030!
Sun Oct 31 2021 03:44:15 GMT+0200 (Israel Standard Time) - Info - Server listening on port 3030!
Sun Oct 31 2021 13:58:51 GMT+0200 (Israel Standard Time) - Info - Server listening on port 3030!
Sun Oct 31 2021 13:59:19 GMT+0200 (Israel Standard Time) - Info - Server listening on port 3030!
Sun Oct 31 2021 14:02:48 GMT+0200 (Israel Standard Time) - Info - Server listening on port 3030!
Sun Oct 31 2021 14:09:23 GMT+0200 (Israel Standard Time) - Info - Server listening on port 3030!
Sun Oct 31 2021 14:12:04 GMT+0200 (Israel Standard Time) - Info - Server listening on port 3030!
Sun Oct 31 2021 14:12:15 GMT+0200 (Israel Standard Time) - Info - Server listening on port 3030!
Sun Oct 31 2021 14:15:06 GMT+0200 (Israel Standard Time) - Error - cannot add Request
Sun Oct 31 2021 14:15:20 GMT+0200 (Israel Standard Time) - Info - Server listening on port 3030!
Sun Oct 31 2021 14:15:26 GMT+0200 (Israel Standard Time) - Info - Request ID: $guid was received succesfully
Sun Oct 31 2021 14:35:43 GMT+0200 (Israel Standard Time) - Info - Server listening on port 3030!
Sun Oct 31 2021 14:35:54 GMT+0200 (Israel Standard Time) - Info - Server listening on port 3030!
Sun Oct 31 2021 14:38:17 GMT+0200 (Israel Standard Time) - Info - Server listening on port 3030!
Sun Oct 31 2021 14:39:05 GMT+0200 (Israel Standard Time) - Info - Server listening on port 3030!
Sun Oct 31 2021 14:39:06 GMT+0200 (Israel Standard Time) - Info - Server listening on port 3030!
Sun Oct 31 2021 14:40:37 GMT+0200 (Israel Standard Time) - Info - Request ID: 645 was received succesfully
Sun Oct 31 2021 14:40:41 GMT+0200 (Israel Standard Time) - Info - Request ID: 675 was received succesfully
Sun Oct 31 2021 14:44:19 GMT+0200 (Israel Standard Time) - Info - Server listening on port 3030!
Sun Oct 31 2021 14:58:35 GMT+0200 (Israel Standard Time) - Info - Server listening on port 3030!
Sun Oct 31 2021 14:58:46 GMT+0200 (Israel Standard Time) - Info - Server listening on port 3030!
Sun Oct 31 2021 14:58:56 GMT+0200 (Israel Standard Time) - Info - Server listening on port 3030!
Sun Oct 31 2021 14:59:07 GMT+0200 (Israel Standard Time) - Info - Server listening on port 3030!
Sun Oct 31 2021 15:01:04 GMT+0200 (Israel Standard Time) - Info - Server listening on port 3030!
Sun Oct 31 2021 15:01:05 GMT+0200 (Israel Standard Time) - Info - Server listening on port 3030!
Sun Oct 31 2021 15:01:51 GMT+0200 (Israel Standard Time) - Info - Server listening on port 3030!
Sun Oct 31 2021 15:02:09 GMT+0200 (Israel Standard Time) - Info - Server listening on port 3030!
Sun Oct 31 2021 15:02:30 GMT+0200 (Israel Standard Time) - Info - Request ID: 685 was received succesfully
Sun Oct 31 2021 15:06:10 GMT+0200 (Israel Standard Time) - Info - Request ID: 5d5d3e14-f7f2-4c76-b848-d7b8a193a6b5 was received succesfully
Sun Oct 31 2021 15:07:00 GMT+0200 (Israel Standard Time) - Info - Request ID: 679726b1-5378-4e68-988b-30beedd62260 was received succesfully
Sun Oct 31 2021 15:07:00 GMT+0200 (Israel Standard Time) - Info - Request ID: 9e825a3b-ce2a-4d13-99d8-dd07017a22fe was received succesfully
Sun Oct 31 2021 15:07:20 GMT+0200 (Israel Standard Time) - Info - Request ID: d15297e9-fadb-443d-833c-a24e007cc42e was received succesfully
Sun Oct 31 2021 15:07:25 GMT+0200 (Israel Standard Time) - Info - Request ID: f0536e24-dfdd-4089-8d11-2e705bf28a79 was received succesfully
Sun Oct 31 2021 15:07:30 GMT+0200 (Israel Standard Time) - Info - Request ID: ee77dea7-b9da-421c-83f2-1d9a4655709e was received succesfully
Sun Oct 31 2021 15:07:35 GMT+0200 (Israel Standard Time) - Info - Request ID: 7b3482ee-a15d-4a4d-945d-a273e767a34b was received succesfully
Sun Oct 31 2021 15:07:50 GMT+0200 (Israel Standard Time) - Info - Server listening on port 3030!
Sun Oct 31 2021 15:09:10 GMT+0200 (Israel Standard Time) - Info - Server listening on port 3030!
Sun Oct 31 2021 15:09:23 GMT+0200 (Israel Standard Time) - Info - Server listening on port 3030!
Sun Oct 31 2021 15:09:37 GMT+0200 (Israel Standard Time) - Info - Server listening on port 3030!
Sun Oct 31 2021 16:40:21 GMT+0200 (Israel Standard Time) - Info - Server listening on port 3030!
Sun Oct 31 2021 19:55:17 GMT+0200 (Israel Standard Time) - Info - Server listening on port 3030!
Sun Oct 31 2021 20:20:31 GMT+0200 (Israel Standard Time) - Info - Server listening on port 3030!
Sun Oct 31 2021 20:20:44 GMT+0200 (Israel Standard Time) - Info - Server listening on port 3030!
Sun Oct 31 2021 20:28:48 GMT+0200 (Israel Standard Time) - Info - Server listening on port 3030!
Sun Oct 31 2021 20:29:03 GMT+0200 (Israel Standard Time) - Info - Server listening on port 3030!
Sun Oct 31 2021 20:33:41 GMT+0200 (Israel Standard Time) - Info - Server listening on port 3030!
Sun Oct 31 2021 21:06:39 GMT+0200 (Israel Standard Time) - Info - Server listening on port 3030!
Sun Oct 31 2021 21:15:35 GMT+0200 (Israel Standard Time) - Info - Server listening on port 3030!
Sun Oct 31 2021 21:19:08 GMT+0200 (Israel Standard Time) - Info - Server listening on port 3030!
Sun Oct 31 2021 21:19:47 GMT+0200 (Israel Standard Time) - Info - Server listening on port 3030!
Sun Oct 31 2021 21:19:52 GMT+0200 (Israel Standard Time) - Info - Server listening on port 3030!
Sun Oct 31 2021 21:20:37 GMT+0200 (Israel Standard Time) - Info - Server listening on port 3030!
Sun Oct 31 2021 22:09:11 GMT+0200 (Israel Standard Time) - Info - Server listening on port 3030!
Sun Oct 31 2021 22:11:54 GMT+0200 (Israel Standard Time) - Info - Server listening on port 3030!
Sun Oct 31 2021 22:12:02 GMT+0200 (Israel Standard Time) - Info - Server listening on port 3030!
Sun Oct 31 2021 22:12:23 GMT+0200 (Israel Standard Time) - Info - Server listening on port 3030!
Sun Oct 31 2021 22:14:36 GMT+0200 (Israel Standard Time) - Info - Server listening on port 3030!
Sun Oct 31 2021 22:19:46 GMT+0200 (Israel Standard Time) - Info - Server listening on port 3030!
Sun Oct 31 2021 22:20:41 GMT+0200 (Israel Standard Time) - Info - Server listening on port 3030!
Sun Oct 31 2021 22:24:49 GMT+0200 (Israel Standard Time) - Info - Server listening on port 3030!
Sun Oct 31 2021 22:37:57 GMT+0200 (Israel Standard Time) - Info - Server listening on port 3030!
Sun Oct 31 2021 22:38:18 GMT+0200 (Israel Standard Time) - Info - Server listening on port 3030!
Sun Oct 31 2021 22:38:32 GMT+0200 (Israel Standard Time) - Info - Server listening on port 3030!
Sun Oct 31 2021 22:39:26 GMT+0200 (Israel Standard Time) - Info - Server listening on port 3030!
Sun Oct 31 2021 22:39:49 GMT+0200 (Israel Standard Time) - Info - Server listening on port 3030!
Sun Oct 31 2021 22:40:01 GMT+0200 (Israel Standard Time) - Info - Server listening on port 3030!
Sun Oct 31 2021 22:41:14 GMT+0200 (Israel Standard Time) - Info - Server listening on port 3030!
Sun Oct 31 2021 22:41:42 GMT+0200 (Israel Standard Time) - Info - Server listening on port 3030!
Sun Oct 31 2021 22:44:38 GMT+0200 (Israel Standard Time) - Info - Server listening on port 3030!
Sun Oct 31 2021 22:44:53 GMT+0200 (Israel Standard Time) - Info - Server listening on port 3030!
Sun Oct 31 2021 22:46:17 GMT+0200 (Israel Standard Time) - Info - Server listening on port 3030!
Sun Oct 31 2021 22:52:55 GMT+0200 (Israel Standard Time) - Info - Server listening on port 3030!
Sun Oct 31 2021 22:54:03 GMT+0200 (Israel Standard Time) - Info - Server listening on port 3030!
Sun Oct 31 2021 22:54:59 GMT+0200 (Israel Standard Time) - Info - Server listening on port 3000!
Sun Oct 31 2021 22:59:00 GMT+0200 (Israel Standard Time) - Info - Server listening on port 3030!
Sun Oct 31 2021 22:59:35 GMT+0200 (Israel Standard Time) - Info - Server listening on port 3030!
Sun Oct 31 2021 23:15:33 GMT+0200 (Israel Standard Time) - Info - Server listening on port 3030!
Sun Oct 31 2021 23:25:17 GMT+0200 (Israel Standard Time) - Info - Server listening on port 3030!
Sun Oct 31 2021 23:31:33 GMT+0200 (Israel Standard Time) - Info - Server listening on port 3030!
Sun Oct 31 2021 23:33:21 GMT+0200 (Israel Standard Time) - Info - Server listening on port 3030!
Sun Oct 31 2021 23:33:57 GMT+0200 (Israel Standard Time) - Info - Server listening on port 3030!
Sun Oct 31 2021 23:34:57 GMT+0200 (Israel Standard Time) - Info - Server listening on port 3030!
Sun Oct 31 2021 23:40:24 GMT+0200 (Israel Standard Time) - Info - Server listening on port 3030!
Sun Oct 31 2021 23:42:25 GMT+0200 (Israel Standard Time) - Info - Server listening on port 3030!
Sun Oct 31 2021 23:47:31 GMT+0200 (Israel Standard Time) - Info - Server listening on port 3030!
Sun Oct 31 2021 23:47:43 GMT+0200 (Israel Standard Time) - Info - Server listening on port 3030!
Sun Oct 31 2021 23:48:41 GMT+0200 (Israel Standard Time) - Info - Server listening on port 3030!
Mon Nov 01 2021 00:06:37 GMT+0200 (Israel Standard Time) - Info - Server listening on port 3030!
Mon Nov 01 2021 00:09:02 GMT+0200 (Israel Standard Time) - Info - Server listening on port 3030!
Mon Nov 01 2021 00:14:02 GMT+0200 (Israel Standard Time) - Info - Server listening on port 3030!
Mon Nov 01 2021 00:14:31 GMT+0200 (Israel Standard Time) - Info - Server listening on port 3030!
Mon Nov 01 2021 00:16:29 GMT+0200 (Israel Standard Time) - Info - Server listening on port 3030!
Mon Nov 01 2021 00:17:05 GMT+0200 (Israel Standard Time) - Info - Request ID: 717ecb70-9a8e-49de-a2f3-b0d7b675dd2a was received succesfully
Mon Nov 01 2021 00:17:09 GMT+0200 (Israel Standard Time) - Info - Request ID: 461ac174-7b8e-4a40-bc64-744c9b300be6 was received succesfully
Mon Nov 01 2021 00:17:14 GMT+0200 (Israel Standard Time) - Info - Request ID: 4a7da8a3-b273-42d4-9a82-31b112e620e1 was received succesfully
Mon Nov 01 2021 00:17:19 GMT+0200 (Israel Standard Time) - Info - Request ID: f3cbae05-9a6c-4bf6-9587-d1338d572799 was received succesfully
Mon Nov 01 2021 00:17:24 GMT+0200 (Israel Standard Time) - Info - Request ID: 1d4ca5ef-fb01-4846-af99-97834609f33a was received succesfully
Mon Nov 01 2021 00:17:31 GMT+0200 (Israel Standard Time) - Info - Server listening on port 3030!
Mon Nov 01 2021 00:18:31 GMT+0200 (Israel Standard Time) - Info - Server listening on port 3030!
Mon Nov 01 2021 00:19:37 GMT+0200 (Israel Standard Time) - Info - Server listening on port 3030!
Mon Nov 01 2021 00:22:08 GMT+0200 (Israel Standard Time) - Info - Server listening on port 3030!
Mon Nov 01 2021 00:28:46 GMT+0200 (Israel Standard Time) - Info - Server listening on port 3030!
Mon Nov 01 2021 00:29:54 GMT+0200 (Israel Standard Time) - Info - Server listening on port 3030!
Mon Nov 01 2021 00:30:56 GMT+0200 (Israel Standard Time) - Info - Server listening on port 3030!
Mon Nov 01 2021 00:31:43 GMT+0200 (Israel Standard Time) - Info - Server listening on port 3030!
Mon Nov 01 2021 00:32:06 GMT+0200 (Israel Standard Time) - Info - Server listening on port 3030!
Mon Nov 01 2021 00:37:19 GMT+0200 (Israel Standard Time) - Info - Server listening on port 3030!
Mon Nov 01 2021 00:39:25 GMT+0200 (Israel Standard Time) - Info - Server listening on port 3030!
Mon Nov 01 2021 00:40:38 GMT+0200 (Israel Standard Time) - Info - Server listening on port 3030!
Mon Nov 01 2021 00:54:27 GMT+0200 (Israel Standard Time) - Info - Server listening on port 3030!
Mon Nov 01 2021 00:57:13 GMT+0200 (Israel Standard Time) - Info - Server listening on port 3030!
Mon Nov 01 2021 00:58:15 GMT+0200 (Israel Standard Time) - Info - Server listening on port 3030!
Mon Nov 01 2021 00:58:24 GMT+0200 (Israel Standard Time) - Info - Server listening on port 3030!
Mon Nov 01 2021 00:58:54 GMT+0200 (Israel Standard Time) - Info - Server listening on port 3030!
Mon Nov 01 2021 00:59:58 GMT+0200 (Israel Standard Time) - Info - Server listening on port 3030!
Mon Nov 01 2021 01:00:02 GMT+0200 (Israel Standard Time) - Info - Server listening on port 3030!
Mon Nov 01 2021 01:00:20 GMT+0200 (Israel Standard Time) - Info - Server listening on port 3030!
Mon Nov 01 2021 01:10:26 GMT+0200 (Israel Standard Time) - Info - Server listening on port 3030!
Mon Nov 01 2021 01:10:36 GMT+0200 (Israel Standard Time) - Info - Request ID: 41445e79-280f-404f-ac3e-4b552140e844 was received succesfully
Mon Nov 01 2021 01:10:41 GMT+0200 (Israel Standard Time) - Info - Request ID: a31c20c5-88cb-47d3-a37d-1a0295295e2a was received succesfully
Mon Nov 01 2021 01:10:46 GMT+0200 (Israel Standard Time) - Info - Request ID: a2b867eb-3786-4001-a7f5-1d3ea71b9e8a was received succesfully
Mon Nov 01 2021 01:13:34 GMT+0200 (Israel Standard Time) - Info - Server listening on port 3030!
Mon Nov 01 2021 01:14:50 GMT+0200 (Israel Standard Time) - Info - Request ID: fe9341d2-1ece-42f6-9682-cc80be000375 was received succesfully
Mon Nov 01 2021 03:40:53 GMT+0200 (Israel Standard Time) - Info - Request ID: 1fe4f44a-0647-4e18-96e1-a3b12aa5bfbd was received succesfully
Mon Nov 01 2021 03:40:53 GMT+0200 (Israel Standard Time) - Info - Request ID: aef9eabb-9b47-4765-9605-b5dd8da7a345 was received succesfully
Mon Nov 01 2021 03:40:58 GMT+0200 (Israel Standard Time) - Info - Request ID: e89ba811-5aa1-438c-92a6-d1a1b67f1124 was received succesfully
Mon Nov 01 2021 03:41:08 GMT+0200 (Israel Standard Time) - Info - Request ID: 2a1d4df0-2dd0-4df1-9a16-bdce8dae4061 was received succesfully
Mon Nov 01 2021 03:41:13 GMT+0200 (Israel Standard Time) - Info - Request ID: f8e77e6d-e929-42bf-98b6-d01c9221ba11 was received succesfully
Mon Nov 01 2021 03:41:18 GMT+0200 (Israel Standard Time) - Info - Request ID: 1aeb5c14-edf2-4b61-baa5-fa9960ddd5e2 was received succesfully
Mon Nov 01 2021 03:41:18 GMT+0200 (Israel Standard Time) - Info - Request ID: 0a3a1041-6a7a-44de-b234-9f1b0fd02042 was received succesfully
Mon Nov 01 2021 03:41:23 GMT+0200 (Israel Standard Time) - Info - Request ID: faf97d93-232c-445f-b040-2af75a525e9c was received succesfully
Mon Nov 01 2021 03:41:23 GMT+0200 (Israel Standard Time) - Info - Request ID: 4fdc3645-9853-478f-88ca-750e828f182e was received succesfully
Mon Nov 01 2021 03:44:55 GMT+0200 (Israel Standard Time) - Info - Server listening on port 3030!
Mon Nov 01 2021 03:45:27 GMT+0200 (Israel Standard Time) - Info - Server listening on port 3030!
Mon Nov 01 2021 03:48:24 GMT+0200 (Israel Standard Time) - Info - Server listening on port 3030!
